<?xml version='1.0' encoding='UTF-8'?>
<testsuite hostname="Umer" name="com.bjss.basketTest.aplicationTest" tests="5" errors="0" failures="0" skipped="0" time="0.081" timestamp="2020-11-15T12:00:40">
                     <properties>
[...]
</properties>
                     <testcase classname="com.bjss.basketTest.aplicationTest" name="should return zero for items like Water gum shoes" time="0.028">
                                                 
                                               </testcase><testcase classname="com.bjss.basketTest.aplicationTest" name="should return 4 for items like milk soup bread Apples" time="0.002">
                                                 
                                               </testcase><testcase classname="com.bjss.basketTest.aplicationTest" name="should return 2 for Milk entered two times" time="0.024">
                                                 
                                               </testcase><testcase classname="com.bjss.basketTest.aplicationTest" name="should total should be 4.10 given bucket" time="0.003">
                                                 
                                               </testcase><testcase classname="com.bjss.basketTest.aplicationTest" name="should total should be 3.00 given bucket" time="0.024">
                                                 
                                               </testcase>
                     <system-out><![CDATA[]]></system-out>
                     <system-err><![CDATA[]]></system-err>
                   </testsuite>